<?xml version="1.0" encoding="UTF-8"?>
<coverage generated="1568777219681" clover="3.2.0">
  <project timestamp="1568777219681" name="All files">
    <metrics statements="55" coveredstatements="37" conditionals="26" coveredconditionals="10" methods="19" coveredmethods="4" elements="100" coveredelements="51" complexity="0" loc="55" ncloc="55" packages="7" files="12" classes="12"/>
    <package name="awesome-app">
      <metrics statements="8" coveredstatements="5" conditionals="6" coveredconditionals="6" methods="4" coveredmethods="1"/>
      <file name="App.js" path="/home/akana/project/awesome-app/App.js">
        <metrics statements="8" coveredstatements="5" conditionals="6" coveredconditionals="6" methods="4" coveredmethods="1"/>
        <line num="10" count="2" type="stmt"/>
        <line num="16" count="4" type="cond" truecount="4" falsecount="0"/>
        <line num="17" count="3" type="stmt"/>
        <line num="22" count="0" type="stmt"/>
        <line num="26" count="1" type="stmt"/>
        <line num="36" count="0" type="stmt"/>
        <line num="54" count="0" type="stmt"/>
        <line num="58" count="1" type="stmt"/>
      </file>
    </package>
    <package name="awesome-app.assets.images">
      <metrics statements="1" coveredstatements="1" conditionals="0" coveredconditionals="0" methods="0" coveredmethods="0"/>
      <file name="onion.jpg" path="/home/akana/project/awesome-app/assets/images/onion.jpg">
        <metrics statements="1" coveredstatements="1" conditionals="0" coveredconditionals="0" methods="0" coveredmethods="0"/>
        <line num="1" count="1" type="stmt"/>
      </file>
    </package>
    <package name="awesome-app.components">
      <metrics statements="2" coveredstatements="0" conditionals="2" coveredconditionals="0" methods="2" coveredmethods="0"/>
      <file name="StyledText.js" path="/home/akana/project/awesome-app/components/StyledText.js">
        <metrics statements="1" coveredstatements="0" conditionals="0" coveredconditionals="0" methods="1" coveredmethods="0"/>
        <line num="5" count="0" type="stmt"/>
      </file>
      <file name="TabBarIcon.js" path="/home/akana/project/awesome-app/components/TabBarIcon.js">
        <metrics statements="1" coveredstatements="0" conditionals="2" coveredconditionals="0" methods="1" coveredmethods="0"/>
        <line num="7" count="0" type="stmt"/>
      </file>
    </package>
    <package name="awesome-app.constants">
      <metrics statements="1" coveredstatements="1" conditionals="0" coveredconditionals="0" methods="0" coveredmethods="0"/>
      <file name="Colors.js" path="/home/akana/project/awesome-app/constants/Colors.js">
        <metrics statements="1" coveredstatements="1" conditionals="0" coveredconditionals="0" methods="0" coveredmethods="0"/>
        <line num="1" count="1" type="stmt"/>
      </file>
    </package>
    <package name="awesome-app.navigation">
      <metrics statements="19" coveredstatements="15" conditionals="10" coveredconditionals="0" methods="4" coveredmethods="0"/>
      <file name="AppNavigator.js" path="/home/akana/project/awesome-app/navigation/AppNavigator.js">
        <metrics statements="0" coveredstatements="0" conditionals="0" coveredconditionals="0" methods="0" coveredmethods="0"/>
      </file>
      <file name="MainTabNavigator.js" path="/home/akana/project/awesome-app/navigation/MainTabNavigator.js">
        <metrics statements="19" coveredstatements="15" conditionals="10" coveredconditionals="0" methods="4" coveredmethods="0"/>
        <line num="11" count="1" type="stmt"/>
        <line num="16" count="1" type="stmt"/>
        <line num="23" count="1" type="stmt"/>
        <line num="26" count="0" type="stmt"/>
        <line num="37" count="1" type="stmt"/>
        <line num="39" count="1" type="stmt"/>
        <line num="46" count="1" type="stmt"/>
        <line num="49" count="0" type="cond" truecount="0" falsecount="2"/>
        <line num="53" count="1" type="stmt"/>
        <line num="55" count="1" type="stmt"/>
        <line num="62" count="1" type="stmt"/>
        <line num="65" count="0" type="cond" truecount="0" falsecount="2"/>
        <line num="69" count="1" type="stmt"/>
        <line num="71" count="1" type="stmt"/>
        <line num="78" count="1" type="stmt"/>
        <line num="81" count="0" type="cond" truecount="0" falsecount="2"/>
        <line num="85" count="1" type="stmt"/>
        <line num="87" count="1" type="stmt"/>
        <line num="94" count="1" type="stmt"/>
      </file>
    </package>
    <package name="awesome-app.screens">
      <metrics statements="19" coveredstatements="10" conditionals="8" coveredconditionals="4" methods="8" coveredmethods="2"/>
      <file name="HomeScreen.js" path="/home/akana/project/awesome-app/screens/HomeScreen.js">
        <metrics statements="9" coveredstatements="2" conditionals="4" coveredconditionals="0" methods="4" coveredmethods="0"/>
        <line num="16" count="0" type="stmt"/>
        <line num="73" count="1" type="stmt"/>
        <line num="78" count="0" type="cond" truecount="0" falsecount="2"/>
        <line num="80" count="0" type="stmt"/>
        <line num="85" count="0" type="stmt"/>
        <line num="92" count="0" type="stmt"/>
        <line num="101" count="0" type="stmt"/>
        <line num="107" count="0" type="stmt"/>
        <line num="112" count="1" type="stmt"/>
      </file>
      <file name="LinksScreen.js" path="/home/akana/project/awesome-app/screens/LinksScreen.js">
        <metrics statements="3" coveredstatements="2" conditionals="0" coveredconditionals="0" methods="1" coveredmethods="0"/>
        <line num="6" count="0" type="stmt"/>
        <line num="17" count="1" type="stmt"/>
        <line num="21" count="1" type="stmt"/>
      </file>
      <file name="PriceScreen.js" path="/home/akana/project/awesome-app/screens/PriceScreen.js">
        <metrics statements="5" coveredstatements="5" conditionals="4" coveredconditionals="4" methods="2" coveredmethods="2"/>
        <line num="18" count="6" type="stmt"/>
        <line num="33" count="12" type="stmt"/>
        <line num="52" count="11" type="stmt"/>
        <line num="79" count="2" type="stmt"/>
        <line num="84" count="2" type="stmt"/>
      </file>
      <file name="SettingsScreen.js" path="/home/akana/project/awesome-app/screens/SettingsScreen.js">
        <metrics statements="2" coveredstatements="1" conditionals="0" coveredconditionals="0" methods="1" coveredmethods="0"/>
        <line num="9" count="0" type="stmt"/>
        <line num="12" count="1" type="stmt"/>
      </file>
    </package>
    <package name="awesome-app.services">
      <metrics statements="5" coveredstatements="5" conditionals="0" coveredconditionals="0" methods="1" coveredmethods="1"/>
      <file name="price.service.js" path="/home/akana/project/awesome-app/services/price.service.js">
        <metrics statements="5" coveredstatements="5" conditionals="0" coveredconditionals="0" methods="1" coveredmethods="1"/>
        <line num="5" count="3" type="stmt"/>
        <line num="6" count="3" type="stmt"/>
        <line num="7" count="3" type="stmt"/>
        <line num="12" count="2" type="stmt"/>
        <line num="14" count="1" type="stmt"/>
      </file>
    </package>
  </project>
</coverage>
