{"/home/akana/project/awesome-app/App.js": {"path":"/home/akana/project/awesome-app/App.js","statementMap":{"0":{"start":{"line":10,"column":10},"end":{"line":12,"column":3}},"1":{"start":{"line":16,"column":4},"end":{"line":32,"column":5}},"2":{"start":{"line":17,"column":6},"end":{"line":24,"column":8}},"3":{"start":{"line":22,"column":26},"end":{"line":22,"column":66}},"4":{"start":{"line":26,"column":6},"end":{"line":31,"column":8}},"5":{"start":{"line":36,"column":4},"end":{"line":48,"column":7}},"6":{"start":{"line":54,"column":4},"end":{"line":54,"column":24}},"7":{"start":{"line":58,"column":15},"end":{"line":63,"column":2}}},"fnMap":{"0":{"name":"(anonymous_0)","decl":{"start":{"line":14,"column":2},"end":{"line":14,"column":3}},"loc":{"start":{"line":14,"column":10},"end":{"line":33,"column":3}},"line":14},"1":{"name":"(anonymous_1)","decl":{"start":{"line":22,"column":20},"end":{"line":22,"column":21}},"loc":{"start":{"line":22,"column":26},"end":{"line":22,"column":66}},"line":22},"2":{"name":"(anonymous_2)","decl":{"start":{"line":35,"column":2},"end":{"line":35,"column":3}},"loc":{"start":{"line":35,"column":29},"end":{"line":49,"column":3}},"line":35},"3":{"name":"(anonymous_3)","decl":{"start":{"line":51,"column":2},"end":{"line":51,"column":3}},"loc":{"start":{"line":51,"column":28},"end":{"line":55,"column":3}},"line":51}},"branchMap":{"0":{"loc":{"start":{"line":16,"column":4},"end":{"line":32,"column":5}},"type":"if","locations":[{"start":{"line":16,"column":4},"end":{"line":32,"column":5}},{"start":{"line":16,"column":4},"end":{"line":32,"column":5}}],"line":16},"1":{"loc":{"start":{"line":16,"column":8},"end":{"line":16,"column":70}},"type":"binary-expr","locations":[{"start":{"line":16,"column":8},"end":{"line":16,"column":37}},{"start":{"line":16,"column":41},"end":{"line":16,"column":70}}],"line":16},"2":{"loc":{"start":{"line":28,"column":11},"end":{"line":28,"column":68}},"type":"binary-expr","locations":[{"start":{"line":28,"column":11},"end":{"line":28,"column":32}},{"start":{"line":28,"column":36},"end":{"line":28,"column":68}}],"line":28}},"s":{"0":2,"1":4,"2":3,"3":0,"4":1,"5":0,"6":0,"7":1},"f":{"0":4,"1":0,"2":0,"3":0},"b":{"0":[3,1],"1":[4,3],"2":[1,1]},"_coverageSchema":"43e27e138ebf9cfc5966b082cf9a028302ed4184","hash":"de1ca9ede52d753bac00eb54588e7d70219ea594"}
,"/home/akana/project/awesome-app/assets/images/onion.jpg": {"path":"/home/akana/project/awesome-app/assets/images/onion.jpg","statementMap":{"0":{"start":{"line":1,"column":0},"end":{"line":1,"column":19}}},"fnMap":{},"branchMap":{},"s":{"0":1},"f":{},"b":{},"_coverageSchema":"43e27e138ebf9cfc5966b082cf9a028302ed4184","hash":"02d8de5f046e3aae75f2497df5d52aa1ba1247b5"}
,"/home/akana/project/awesome-app/components/StyledText.js": {"path":"/home/akana/project/awesome-app/components/StyledText.js","statementMap":{"0":{"start":{"line":5,"column":2},"end":{"line":7,"column":4}}},"fnMap":{"0":{"name":"MonoText","decl":{"start":{"line":4,"column":16},"end":{"line":4,"column":24}},"loc":{"start":{"line":4,"column":32},"end":{"line":8,"column":1}},"line":4}},"branchMap":{},"s":{"0":0},"f":{"0":0},"b":{},"_coverageSchema":"43e27e138ebf9cfc5966b082cf9a028302ed4184","hash":"fa0a35b2018360a881f0a27d3fc294944d89f9bd"}
,"/home/akana/project/awesome-app/components/TabBarIcon.js": {"path":"/home/akana/project/awesome-app/components/TabBarIcon.js","statementMap":{"0":{"start":{"line":7,"column":2},"end":{"line":14,"column":4}}},"fnMap":{"0":{"name":"TabBarIcon","decl":{"start":{"line":6,"column":24},"end":{"line":6,"column":34}},"loc":{"start":{"line":6,"column":42},"end":{"line":15,"column":1}},"line":6}},"branchMap":{"0":{"loc":{"start":{"line":12,"column":13},"end":{"line":12,"column":75}},"type":"cond-expr","locations":[{"start":{"line":12,"column":29},"end":{"line":12,"column":51}},{"start":{"line":12,"column":54},"end":{"line":12,"column":75}}],"line":12}},"s":{"0":0},"f":{"0":0},"b":{"0":[0,0]},"_coverageSchema":"43e27e138ebf9cfc5966b082cf9a028302ed4184","hash":"3651fcb6c510b373fdb14b13d895ea5593cba0f2"}
,"/home/akana/project/awesome-app/constants/Colors.js": {"path":"/home/akana/project/awesome-app/constants/Colors.js","statementMap":{"0":{"start":{"line":1,"column":18},"end":{"line":1,"column":27}}},"fnMap":{},"branchMap":{},"s":{"0":1},"f":{},"b":{},"_coverageSchema":"43e27e138ebf9cfc5966b082cf9a028302ed4184","hash":"902c09487583846cceb06e16879742592950c46e"}
,"/home/akana/project/awesome-app/navigation/AppNavigator.js": {"path":"/home/akana/project/awesome-app/navigation/AppNavigator.js","statementMap":{},"fnMap":{},"branchMap":{},"s":{},"f":{},"b":{},"_coverageSchema":"43e27e138ebf9cfc5966b082cf9a028302ed4184","hash":"fad1cb611f7a5fbdc1fdd64093113fb726c39d5c"}
,"/home/akana/project/awesome-app/navigation/MainTabNavigator.js": {"path":"/home/akana/project/awesome-app/navigation/MainTabNavigator.js","statementMap":{"0":{"start":{"line":11,"column":15},"end":{"line":14,"column":2}},"1":{"start":{"line":16,"column":18},"end":{"line":21,"column":1}},"2":{"start":{"line":23,"column":0},"end":{"line":35,"column":2}},"3":{"start":{"line":26,"column":4},"end":{"line":33,"column":6}},"4":{"start":{"line":37,"column":0},"end":{"line":37,"column":20}},"5":{"start":{"line":39,"column":19},"end":{"line":44,"column":1}},"6":{"start":{"line":46,"column":0},"end":{"line":51,"column":2}},"7":{"start":{"line":49,"column":4},"end":{"line":49,"column":90}},"8":{"start":{"line":53,"column":0},"end":{"line":53,"column":21}},"9":{"start":{"line":55,"column":22},"end":{"line":60,"column":1}},"10":{"start":{"line":62,"column":0},"end":{"line":67,"column":2}},"11":{"start":{"line":65,"column":4},"end":{"line":65,"column":96}},"12":{"start":{"line":69,"column":0},"end":{"line":69,"column":24}},"13":{"start":{"line":71,"column":19},"end":{"line":76,"column":1}},"14":{"start":{"line":78,"column":0},"end":{"line":83,"column":2}},"15":{"start":{"line":81,"column":4},"end":{"line":81,"column":96}},"16":{"start":{"line":85,"column":0},"end":{"line":85,"column":21}},"17":{"start":{"line":87,"column":21},"end":{"line":92,"column":2}},"18":{"start":{"line":94,"column":0},"end":{"line":94,"column":23}}},"fnMap":{"0":{"name":"(anonymous_0)","decl":{"start":{"line":25,"column":14},"end":{"line":25,"column":15}},"loc":{"start":{"line":26,"column":4},"end":{"line":33,"column":6}},"line":26},"1":{"name":"(anonymous_1)","decl":{"start":{"line":48,"column":14},"end":{"line":48,"column":15}},"loc":{"start":{"line":49,"column":4},"end":{"line":49,"column":90}},"line":49},"2":{"name":"(anonymous_2)","decl":{"start":{"line":64,"column":14},"end":{"line":64,"column":15}},"loc":{"start":{"line":65,"column":4},"end":{"line":65,"column":96}},"line":65},"3":{"name":"(anonymous_3)","decl":{"start":{"line":80,"column":14},"end":{"line":80,"column":15}},"loc":{"start":{"line":81,"column":4},"end":{"line":81,"column":96}},"line":81}},"branchMap":{"0":{"loc":{"start":{"line":29,"column":8},"end":{"line":31,"column":35}},"type":"cond-expr","locations":[{"start":{"line":30,"column":12},"end":{"line":30,"column":64}},{"start":{"line":31,"column":12},"end":{"line":31,"column":35}}],"line":29},"1":{"loc":{"start":{"line":30,"column":37},"end":{"line":30,"column":62}},"type":"cond-expr","locations":[{"start":{"line":30,"column":47},"end":{"line":30,"column":49}},{"start":{"line":30,"column":52},"end":{"line":30,"column":62}}],"line":30},"2":{"loc":{"start":{"line":49,"column":40},"end":{"line":49,"column":86}},"type":"cond-expr","locations":[{"start":{"line":49,"column":64},"end":{"line":49,"column":74}},{"start":{"line":49,"column":77},"end":{"line":49,"column":86}}],"line":49},"3":{"loc":{"start":{"line":65,"column":40},"end":{"line":65,"column":92}},"type":"cond-expr","locations":[{"start":{"line":65,"column":64},"end":{"line":65,"column":77}},{"start":{"line":65,"column":80},"end":{"line":65,"column":92}}],"line":65},"4":{"loc":{"start":{"line":81,"column":40},"end":{"line":81,"column":92}},"type":"cond-expr","locations":[{"start":{"line":81,"column":64},"end":{"line":81,"column":77}},{"start":{"line":81,"column":80},"end":{"line":81,"column":92}}],"line":81}},"s":{"0":1,"1":1,"2":1,"3":0,"4":1,"5":1,"6":1,"7":0,"8":1,"9":1,"10":1,"11":0,"12":1,"13":1,"14":1,"15":0,"16":1,"17":1,"18":1},"f":{"0":0,"1":0,"2":0,"3":0},"b":{"0":[0,0],"1":[0,0],"2":[0,0],"3":[0,0],"4":[0,0]},"_coverageSchema":"43e27e138ebf9cfc5966b082cf9a028302ed4184","hash":"6af78f39b95352d94be43e646fde179cd1757b13"}
,"/home/akana/project/awesome-app/screens/HomeScreen.js": {"path":"/home/akana/project/awesome-app/screens/HomeScreen.js","statementMap":{"0":{"start":{"line":16,"column":2},"end":{"line":70,"column":4}},"1":{"start":{"line":73,"column":0},"end":{"line":75,"column":2}},"2":{"start":{"line":78,"column":2},"end":{"line":97,"column":3}},"3":{"start":{"line":80,"column":6},"end":{"line":82,"column":13}},"4":{"start":{"line":85,"column":4},"end":{"line":90,"column":6}},"5":{"start":{"line":92,"column":4},"end":{"line":96,"column":6}},"6":{"start":{"line":101,"column":2},"end":{"line":103,"column":4}},"7":{"start":{"line":107,"column":2},"end":{"line":109,"column":4}},"8":{"start":{"line":112,"column":15},"end":{"line":199,"column":2}}},"fnMap":{"0":{"name":"HomeScreen","decl":{"start":{"line":15,"column":24},"end":{"line":15,"column":34}},"loc":{"start":{"line":15,"column":37},"end":{"line":71,"column":1}},"line":15},"1":{"name":"DevelopmentModeNotice","decl":{"start":{"line":77,"column":9},"end":{"line":77,"column":30}},"loc":{"start":{"line":77,"column":33},"end":{"line":98,"column":1}},"line":77},"2":{"name":"handleLearnMorePress","decl":{"start":{"line":100,"column":9},"end":{"line":100,"column":29}},"loc":{"start":{"line":100,"column":32},"end":{"line":104,"column":1}},"line":100},"3":{"name":"handleHelpPress","decl":{"start":{"line":106,"column":9},"end":{"line":106,"column":24}},"loc":{"start":{"line":106,"column":27},"end":{"line":110,"column":1}},"line":106}},"branchMap":{"0":{"loc":{"start":{"line":24,"column":14},"end":{"line":26,"column":60}},"type":"cond-expr","locations":[{"start":{"line":25,"column":18},"end":{"line":25,"column":59}},{"start":{"line":26,"column":18},"end":{"line":26,"column":60}}],"line":24},"1":{"loc":{"start":{"line":78,"column":2},"end":{"line":97,"column":3}},"type":"if","locations":[{"start":{"line":78,"column":2},"end":{"line":97,"column":3}},{"start":{"line":78,"column":2},"end":{"line":97,"column":3}}],"line":78}},"s":{"0":0,"1":1,"2":0,"3":0,"4":0,"5":0,"6":0,"7":0,"8":1},"f":{"0":0,"1":0,"2":0,"3":0},"b":{"0":[0,0],"1":[0,0]},"_coverageSchema":"43e27e138ebf9cfc5966b082cf9a028302ed4184","hash":"ac02c3d47d38390afe1c3880708c9278e97ea5cc"}
,"/home/akana/project/awesome-app/screens/LinksScreen.js": {"path":"/home/akana/project/awesome-app/screens/LinksScreen.js","statementMap":{"0":{"start":{"line":6,"column":2},"end":{"line":14,"column":4}},"1":{"start":{"line":17,"column":0},"end":{"line":19,"column":2}},"2":{"start":{"line":21,"column":15},"end":{"line":27,"column":2}}},"fnMap":{"0":{"name":"LinksScreen","decl":{"start":{"line":5,"column":24},"end":{"line":5,"column":35}},"loc":{"start":{"line":5,"column":38},"end":{"line":15,"column":1}},"line":5}},"branchMap":{},"s":{"0":0,"1":1,"2":1},"f":{"0":0},"b":{},"_coverageSchema":"43e27e138ebf9cfc5966b082cf9a028302ed4184","hash":"55b103201f6f498b2aab6c0a24b0b93749144517"}
,"/home/akana/project/awesome-app/screens/PriceScreen.js": {"path":"/home/akana/project/awesome-app/screens/PriceScreen.js","statementMap":{"0":{"start":{"line":18,"column":10},"end":{"line":30,"column":3}},"1":{"start":{"line":33,"column":4},"end":{"line":75,"column":6}},"2":{"start":{"line":52,"column":16},"end":{"line":65,"column":23}},"3":{"start":{"line":79,"column":0},"end":{"line":82,"column":2}},"4":{"start":{"line":84,"column":15},"end":{"line":105,"column":2}}},"fnMap":{"0":{"name":"(anonymous_0)","decl":{"start":{"line":32,"column":2},"end":{"line":32,"column":3}},"loc":{"start":{"line":32,"column":10},"end":{"line":76,"column":3}},"line":32},"1":{"name":"(anonymous_1)","decl":{"start":{"line":51,"column":41},"end":{"line":51,"column":42}},"loc":{"start":{"line":52,"column":16},"end":{"line":65,"column":23}},"line":52}},"branchMap":{"0":{"loc":{"start":{"line":43,"column":12},"end":{"line":47,"column":11}},"type":"cond-expr","locations":[{"start":{"line":44,"column":12},"end":{"line":44,"column":78}},{"start":{"line":46,"column":12},"end":{"line":46,"column":68}}],"line":43},"1":{"loc":{"start":{"line":50,"column":12},"end":{"line":71,"column":13}},"type":"cond-expr","locations":[{"start":{"line":51,"column":14},"end":{"line":66,"column":16}},{"start":{"line":68,"column":14},"end":{"line":70,"column":21}}],"line":50}},"s":{"0":6,"1":12,"2":11,"3":2,"4":2},"f":{"0":12,"1":11},"b":{"0":[8,4],"1":[11,1]},"_coverageSchema":"43e27e138ebf9cfc5966b082cf9a028302ed4184","hash":"e34ebe7b4d88e165be78ffb837b9d9f73194ba25"}
,"/home/akana/project/awesome-app/screens/SettingsScreen.js": {"path":"/home/akana/project/awesome-app/screens/SettingsScreen.js","statementMap":{"0":{"start":{"line":9,"column":2},"end":{"line":9,"column":28}},"1":{"start":{"line":12,"column":0},"end":{"line":14,"column":2}}},"fnMap":{"0":{"name":"SettingsScreen","decl":{"start":{"line":4,"column":24},"end":{"line":4,"column":38}},"loc":{"start":{"line":4,"column":41},"end":{"line":10,"column":1}},"line":4}},"branchMap":{},"s":{"0":0,"1":1},"f":{"0":0},"b":{},"_coverageSchema":"43e27e138ebf9cfc5966b082cf9a028302ed4184","hash":"3dde7045e9595d4aaec29f24e4b7b56e176175e9"}
,"/home/akana/project/awesome-app/services/price.service.js": {"path":"/home/akana/project/awesome-app/services/price.service.js","statementMap":{"0":{"start":{"line":5,"column":12},"end":{"line":5,"column":79}},"1":{"start":{"line":6,"column":2},"end":{"line":15,"column":3}},"2":{"start":{"line":7,"column":17},"end":{"line":11,"column":6}},"3":{"start":{"line":12,"column":4},"end":{"line":12,"column":51}},"4":{"start":{"line":14,"column":4},"end":{"line":14,"column":16}}},"fnMap":{"0":{"name":"getPrice","decl":{"start":{"line":4,"column":22},"end":{"line":4,"column":30}},"loc":{"start":{"line":4,"column":39},"end":{"line":16,"column":1}},"line":4}},"branchMap":{},"s":{"0":3,"1":3,"2":3,"3":2,"4":1},"f":{"0":3},"b":{},"_coverageSchema":"43e27e138ebf9cfc5966b082cf9a028302ed4184","hash":"d7966d05f66c4148628b6edb3d3cb659f30f8df4"}
}
