TN:
SF:/home/akana/project/awesome-app/App.js
FN:14,(anonymous_0)
FN:22,(anonymous_1)
FN:35,(anonymous_2)
FN:51,(anonymous_3)
FNF:4
FNH:1
FNDA:4,(anonymous_0)
FNDA:0,(anonymous_1)
FNDA:0,(anonymous_2)
FNDA:0,(anonymous_3)
DA:10,2
DA:16,4
DA:17,3
DA:22,0
DA:26,1
DA:36,0
DA:54,0
DA:58,1
LF:8
LH:5
BRDA:16,0,0,3
BRDA:16,0,1,1
BRDA:16,1,0,4
BRDA:16,1,1,3
BRDA:28,2,0,1
BRDA:28,2,1,1
BRF:6
BRH:6
end_of_record
TN:
SF:/home/akana/project/awesome-app/assets/images/onion.jpg
FNF:0
FNH:0
DA:1,1
LF:1
LH:1
BRF:0
BRH:0
end_of_record
TN:
SF:/home/akana/project/awesome-app/components/StyledText.js
FN:4,MonoText
FNF:1
FNH:0
FNDA:0,MonoText
DA:5,0
LF:1
LH:0
BRF:0
BRH:0
end_of_record
TN:
SF:/home/akana/project/awesome-app/components/TabBarIcon.js
FN:6,TabBarIcon
FNF:1
FNH:0
FNDA:0,TabBarIcon
DA:7,0
LF:1
LH:0
BRDA:12,0,0,0
BRDA:12,0,1,0
BRF:2
BRH:0
end_of_record
TN:
SF:/home/akana/project/awesome-app/constants/Colors.js
FNF:0
FNH:0
DA:1,1
LF:1
LH:1
BRF:0
BRH:0
end_of_record
TN:
SF:/home/akana/project/awesome-app/navigation/AppNavigator.js
FNF:0
FNH:0
LF:0
LH:0
BRF:0
BRH:0
end_of_record
TN:
SF:/home/akana/project/awesome-app/navigation/MainTabNavigator.js
FN:25,(anonymous_0)
FN:48,(anonymous_1)
FN:64,(anonymous_2)
FN:80,(anonymous_3)
FNF:4
FNH:0
FNDA:0,(anonymous_0)
FNDA:0,(anonymous_1)
FNDA:0,(anonymous_2)
FNDA:0,(anonymous_3)
DA:11,1
DA:16,1
DA:23,1
DA:26,0
DA:37,1
DA:39,1
DA:46,1
DA:49,0
DA:53,1
DA:55,1
DA:62,1
DA:65,0
DA:69,1
DA:71,1
DA:78,1
DA:81,0
DA:85,1
DA:87,1
DA:94,1
LF:19
LH:15
BRDA:29,0,0,0
BRDA:29,0,1,0
BRDA:30,1,0,0
BRDA:30,1,1,0
BRDA:49,2,0,0
BRDA:49,2,1,0
BRDA:65,3,0,0
BRDA:65,3,1,0
BRDA:81,4,0,0
BRDA:81,4,1,0
BRF:10
BRH:0
end_of_record
TN:
SF:/home/akana/project/awesome-app/screens/HomeScreen.js
FN:15,HomeScreen
FN:77,DevelopmentModeNotice
FN:100,handleLearnMorePress
FN:106,handleHelpPress
FNF:4
FNH:0
FNDA:0,HomeScreen
FNDA:0,DevelopmentModeNotice
FNDA:0,handleLearnMorePress
FNDA:0,handleHelpPress
DA:16,0
DA:73,1
DA:78,0
DA:80,0
DA:85,0
DA:92,0
DA:101,0
DA:107,0
DA:112,1
LF:9
LH:2
BRDA:24,0,0,0
BRDA:24,0,1,0
BRDA:78,1,0,0
BRDA:78,1,1,0
BRF:4
BRH:0
end_of_record
TN:
SF:/home/akana/project/awesome-app/screens/LinksScreen.js
FN:5,LinksScreen
FNF:1
FNH:0
FNDA:0,LinksScreen
DA:6,0
DA:17,1
DA:21,1
LF:3
LH:2
BRF:0
BRH:0
end_of_record
TN:
SF:/home/akana/project/awesome-app/screens/PriceScreen.js
FN:32,(anonymous_0)
FN:51,(anonymous_1)
FNF:2
FNH:2
FNDA:12,(anonymous_0)
FNDA:11,(anonymous_1)
DA:18,6
DA:33,12
DA:52,11
DA:79,2
DA:84,2
LF:5
LH:5
BRDA:43,0,0,8
BRDA:43,0,1,4
BRDA:50,1,0,11
BRDA:50,1,1,1
BRF:4
BRH:4
end_of_record
TN:
SF:/home/akana/project/awesome-app/screens/SettingsScreen.js
FN:4,SettingsScreen
FNF:1
FNH:0
FNDA:0,SettingsScreen
DA:9,0
DA:12,1
LF:2
LH:1
BRF:0
BRH:0
end_of_record
TN:
SF:/home/akana/project/awesome-app/services/price.service.js
FN:4,getPrice
FNF:1
FNH:1
FNDA:3,getPrice
DA:5,3
DA:6,3
DA:7,3
DA:12,2
DA:14,1
LF:5
LH:5
BRF:0
BRH:0
end_of_record
